<?xml version="1.0" encoding="UTF-8"?>
<!-- Generated by org.testng.reporters.JUnitReportReporter -->
<testsuite hostname="Lipun" failures="0" tests="1" name="test.Iqn_TestNG2" time="15.829" errors="0" timestamp="2023-11-28T23:30:16 IST" skipped="0">
  <testcase classname="test.Iqn_TestNG2" name="iqnWebPageObject2" time="15.829"/>
</testsuite> <!-- test.Iqn_TestNG2 -->
