<?xml version="1.0" encoding="UTF-8"?>
<!-- Generated by org.testng.reporters.JUnitReportReporter -->
<testsuite hostname="Lipun" failures="0" tests="3" name="priority.PriotityTestNG" time="0.023" errors="0" timestamp="2023-12-07T00:33:30 IST" skipped="0">
  <testcase classname="priority.PriotityTestNG" name="Cat" time="0.015"/>
  <testcase classname="priority.PriotityTestNG" name="Apple" time="0.004"/>
  <testcase classname="priority.PriotityTestNG" name="Ball" time="0.004"/>
</testsuite> <!-- priority.PriotityTestNG -->
