<?xml version="1.0" encoding="UTF-8"?>
<!-- Generated by org.testng.reporters.JUnitReportReporter -->
<testsuite hostname="Lipun" failures="0" tests="1" name="test.ExtentReportwithTestNG" time="14.632" errors="0" timestamp="2023-11-27T20:34:55 IST" skipped="0">
  <testcase classname="test.ExtentReportwithTestNG" name="test" time="14.632"/>
</testsuite> <!-- test.ExtentReportwithTestNG -->
