<?xml version="1.0" encoding="UTF-8"?>
<!-- Generated by org.testng.reporters.JUnitReportReporter -->
<testsuite hostname="Lipun" failures="0" tests="1" name="utils.ExcelUtilsTestNG" time="0.017" errors="0" timestamp="2023-11-30T20:45:03 IST" skipped="0">
  <testcase classname="utils.ExcelUtilsTestNG" name="getCellData" time="0.017"/>
</testsuite> <!-- utils.ExcelUtilsTestNG -->
