<?xml version="1.0" encoding="UTF-8"?>
<!-- Generated by org.testng.reporters.JUnitReportReporter -->
<testsuite hostname="Lipun" failures="0" tests="1" name="general.Parameter" time="0.017" errors="0" timestamp="2023-12-09T00:04:24 IST" skipped="0">
  <testcase classname="general.Parameter" name="test" time="0.017"/>
</testsuite> <!-- general.Parameter -->
