<?xml version="1.0" encoding="UTF-8"?>
<!-- Generated by org.testng.reporters.JUnitReportReporter -->
<testsuite hostname="Lipun" failures="0" tests="1" name="general.Test1" time="12.415" errors="0" timestamp="2023-12-12T15:17:11 IST" skipped="0">
  <testcase classname="general.Test1" name="testUntitledTestCase" time="12.415"/>
</testsuite> <!-- general.Test1 -->
