<?xml version="1.0" encoding="UTF-8"?>
<!-- Generated by org.testng.reporters.JUnitReportReporter -->
<testsuite hostname="Lipun" failures="0" tests="4" name="general.GroupingTestNG" time="0.007" errors="0" timestamp="2023-12-09T22:45:00 IST" skipped="0">
  <testcase classname="general.GroupingTestNG" name="test1" time="0.002"/>
  <testcase classname="general.GroupingTestNG" name="test4" time="0.001"/>
  <testcase classname="general.GroupingTestNG" name="test3" time="0.002"/>
  <testcase classname="general.GroupingTestNG" name="test2" time="0.002"/>
</testsuite> <!-- general.GroupingTestNG -->
