<?xml version="1.0" encoding="UTF-8"?>
<!-- Generated by org.testng.reporters.JUnitReportReporter -->
<testsuite hostname="Lipun" failures="0" tests="1" name="test.Iqn_TestNG" time="15.286" errors="0" timestamp="2023-11-28T23:07:40 IST" skipped="0">
  <testcase classname="test.Iqn_TestNG" name="iqnWebPageObject" time="15.286"/>
</testsuite> <!-- test.Iqn_TestNG -->
