<?xml version="1.0" encoding="UTF-8"?>
<!-- Generated by org.testng.reporters.JUnitReportReporter -->
<testsuite hostname="Lipun" failures="0" tests="2" name="general.Multibrowser" time="13.783" errors="0" timestamp="2023-12-08T23:52:57 IST" skipped="0">
  <testcase classname="general.Multibrowser" name="test" time="6.533"/>
  <testcase classname="general.Multibrowser" name="test" time="7.250"/>
</testsuite> <!-- general.Multibrowser -->
