<?xml version="1.0" encoding="UTF-8"?>
<!-- Generated by org.testng.reporters.JUnitReportReporter -->
<testsuite hostname="Lipun" failures="0" tests="4" name="general.Ignore" time="0.019" errors="0" timestamp="2023-12-11T23:18:52 IST" skipped="1">
  <testcase classname="general.Ignore" name="test3" time="0.003"/>
  <testcase classname="general.Ignore" name="test2" time="0.013"/>
  <testcase classname="general.Ignore" name="test4" time="0.003"/>
  <testcase classname="general.Ignore" name="test1">
    <skipped/>
  </testcase> <!-- test1 -->
</testsuite> <!-- general.Ignore -->
